<?xml version="1.0" encoding="UTF-8"?>
<testng-results skipped="0" failed="0" ignored="0" total="1" passed="1">
  <reporter-output>
    <line>
      <![CDATA[Successfully Launched Chrome Browser]]>
    </line>
    <line>
      <![CDATA[Browser window is maximized successfully]]>
    </line>
    <line>
      <![CDATA[ApperalShoes page should be displayed]]>
    </line>
    <line>
      <![CDATA[Jeans page should be displayed]]>
    </line>
  </reporter-output>
  <suite name="Default suite" duration-ms="11358" started-at="2022-03-02T23:21:42 EST" finished-at="2022-03-02T23:21:53 EST">
    <groups>
    </groups>
    <test name="Default test" duration-ms="11358" started-at="2022-03-02T23:21:42 EST" finished-at="2022-03-02T23:21:53 EST">
      <class name="computers.TC_ID_038">
        <test-method status="PASS" signature="openTheBrowser(java.lang.String)[pri:0, instance:computers.TC_ID_038@11438d26]" name="openTheBrowser" is-config="true" duration-ms="4588" started-at="2022-03-02T23:21:42 EST" finished-at="2022-03-02T23:21:47 EST">
          <params>
            <param index="0">
              <value>
                <![CDATA[chrome]]>
              </value>
            </param>
          </params>
          <reporter-output>
            <line>
              <![CDATA[Successfully Launched Chrome Browser]]>
            </line>
            <line>
              <![CDATA[Browser window is maximized successfully]]>
            </line>
          </reporter-output>
        </test-method> <!-- openTheBrowser -->
        <test-method status="PASS" signature="loginToApplication()[pri:0, instance:computers.TC_ID_038@11438d26]" name="loginToApplication" is-config="true" duration-ms="2498" started-at="2022-03-02T23:21:47 EST" finished-at="2022-03-02T23:21:49 EST">
          <reporter-output>
          </reporter-output>
        </test-method> <!-- loginToApplication -->
        <test-method status="PASS" signature="addcart()[pri:0, instance:computers.TC_ID_038@11438d26]" name="addcart" duration-ms="2681" started-at="2022-03-02T23:21:49 EST" finished-at="2022-03-02T23:21:52 EST">
          <reporter-output>
            <line>
              <![CDATA[ApperalShoes page should be displayed]]>
            </line>
            <line>
              <![CDATA[Jeans page should be displayed]]>
            </line>
          </reporter-output>
        </test-method> <!-- addcart -->
        <test-method status="PASS" signature="logoutOfApplication()[pri:0, instance:computers.TC_ID_038@11438d26]" name="logoutOfApplication" is-config="true" duration-ms="812" started-at="2022-03-02T23:21:52 EST" finished-at="2022-03-02T23:21:53 EST">
          <reporter-output>
          </reporter-output>
        </test-method> <!-- logoutOfApplication -->
        <test-method status="PASS" signature="closeTheBrowser()[pri:0, instance:computers.TC_ID_038@11438d26]" name="closeTheBrowser" is-config="true" duration-ms="710" started-at="2022-03-02T23:21:53 EST" finished-at="2022-03-02T23:21:53 EST">
          <reporter-output>
          </reporter-output>
        </test-method> <!-- closeTheBrowser -->
      </class> <!-- computers.TC_ID_038 -->
    </test> <!-- Default test -->
  </suite> <!-- Default suite -->
</testng-results>
